2025-04-04 07:14:30.197237 - Received CBT.V508.FILE282.PDS from FILE282.XMI 
2025-04-04 07:14:30.205986 - Found $$$#DATE.txt (text/plain) in CBT.V508.FILE282.PDS, moved to PDS/$$$#DATE
2025-04-04 07:14:30.206127 - Found $CALL.txt (text/plain) in CBT.V508.FILE282.PDS, moved to PDS/$CALL
2025-04-04 07:14:30.206279 - Found $CC.txt (text/plain) in CBT.V508.FILE282.PDS, moved to PDS/$CC
2025-04-04 07:14:30.206415 - Found $COPYWRT.txt (text/plain) in CBT.V508.FILE282.PDS, moved to PDS/$COPYWRT
2025-04-04 07:14:30.206533 - Found $ENTER.txt (text/plain) in CBT.V508.FILE282.PDS, moved to PDS/$ENTER
2025-04-04 07:14:30.206650 - Found $EXIT.txt (text/plain) in CBT.V508.FILE282.PDS, moved to PDS/$EXIT
2025-04-04 07:14:30.207023 - Found $FOTERM.txt (text/plain) in CBT.V508.FILE282.PDS, moved to PDS/$FOTERM
2025-04-04 07:14:30.207197 - Found $HEAD.txt (text/plain) in CBT.V508.FILE282.PDS, moved to PDS/$HEAD
2025-04-04 07:14:30.207334 - Found $IFANY.txt (text/plain) in CBT.V508.FILE282.PDS, moved to PDS/$IFANY
2025-04-04 07:14:30.207468 - Found $IFNONE.txt (text/plain) in CBT.V508.FILE282.PDS, moved to PDS/$IFNONE
2025-04-04 07:14:30.207592 - Found $IFOFF.txt (text/plain) in CBT.V508.FILE282.PDS, moved to PDS/$IFOFF
2025-04-04 07:14:30.207715 - Found $IFON.txt (text/plain) in CBT.V508.FILE282.PDS, moved to PDS/$IFON
2025-04-04 07:14:30.207853 - Found $LINECTL.txt (text/plain) in CBT.V508.FILE282.PDS, moved to PDS/$LINECTL
2025-04-04 07:14:30.207974 - Found $LOGERR.txt (text/plain) in CBT.V508.FILE282.PDS, moved to PDS/$LOGERR
2025-04-04 07:14:30.208117 - Found $MSGSECT.txt (text/plain) in CBT.V508.FILE282.PDS, moved to PDS/$MSGSECT
2025-04-04 07:14:30.208234 - Found $MVC.txt (text/plain) in CBT.V508.FILE282.PDS, moved to PDS/$MVC
2025-04-04 07:14:30.208386 - Found $NSCDAT.txt (text/plain) in CBT.V508.FILE282.PDS, moved to PDS/$NSCDAT
2025-04-04 07:14:30.208504 - Found $OFF.txt (text/plain) in CBT.V508.FILE282.PDS, moved to PDS/$OFF
2025-04-04 07:14:30.208623 - Found $ON.txt (text/plain) in CBT.V508.FILE282.PDS, moved to PDS/$ON
2025-04-04 07:14:30.208737 - Found $RESTOR.txt (text/plain) in CBT.V508.FILE282.PDS, moved to PDS/$RESTOR
2025-04-04 07:14:30.208863 - Found $SAVE.txt (text/plain) in CBT.V508.FILE282.PDS, moved to PDS/$SAVE
2025-04-04 07:14:30.208988 - Found $SCRCVT.txt (text/plain) in CBT.V508.FILE282.PDS, moved to PDS/$SCRCVT
2025-04-04 07:14:30.209106 - Found $SETON.txt (text/plain) in CBT.V508.FILE282.PDS, moved to PDS/$SETON
2025-04-04 07:14:30.209237 - Found $SPCTL.txt (text/plain) in CBT.V508.FILE282.PDS, moved to PDS/$SPCTL
2025-04-04 07:14:30.209351 - Found $SPCTLGN.txt (text/plain) in CBT.V508.FILE282.PDS, moved to PDS/$SPCTLGN
2025-04-04 07:14:30.209463 - Found $SPCTLTB.txt (text/plain) in CBT.V508.FILE282.PDS, moved to PDS/$SPCTLTB
2025-04-04 07:14:30.209571 - Found $SYSREF.txt (text/plain) in CBT.V508.FILE282.PDS, moved to PDS/$SYSREF
2025-04-04 07:14:30.209681 - Found $VERSION.txt (text/plain) in CBT.V508.FILE282.PDS, moved to PDS/$VERSION
2025-04-04 07:14:30.209797 - Found $WITCHS.txt (text/plain) in CBT.V508.FILE282.PDS, moved to PDS/$WITCHS
2025-04-04 07:14:30.209919 - Found #AB.txt (text/plain) in CBT.V508.FILE282.PDS, moved to PDS/#AB
2025-04-04 07:14:30.210040 - Found #AD.txt (text/plain) in CBT.V508.FILE282.PDS, moved to PDS/#AD
2025-04-04 07:14:30.210165 - Found #ADJUST.txt (text/plain) in CBT.V508.FILE282.PDS, moved to PDS/#ADJUST
2025-04-04 07:14:30.210278 - Found #AP.txt (text/plain) in CBT.V508.FILE282.PDS, moved to PDS/#AP
2025-04-04 07:14:30.210407 - Found #AR.txt (text/plain) in CBT.V508.FILE282.PDS, moved to PDS/#AR
2025-04-04 07:14:30.210519 - Found #ARGINIT.txt (text/plain) in CBT.V508.FILE282.PDS, moved to PDS/#ARGINIT
2025-04-04 07:14:30.210632 - Found #BC.txt (text/plain) in CBT.V508.FILE282.PDS, moved to PDS/#BC
2025-04-04 07:14:30.210740 - Found #BM.txt (text/plain) in CBT.V508.FILE282.PDS, moved to PDS/#BM
2025-04-04 07:14:30.210851 - Found #BR.txt (text/plain) in CBT.V508.FILE282.PDS, moved to PDS/#BR
2025-04-04 07:14:30.210976 - Found #BS.txt (text/plain) in CBT.V508.FILE282.PDS, moved to PDS/#BS
2025-04-04 07:14:30.211107 - Found #BX.txt (text/plain) in CBT.V508.FILE282.PDS, moved to PDS/#BX
2025-04-04 07:14:30.211220 - Found #BXHORIZ.txt (text/plain) in CBT.V508.FILE282.PDS, moved to PDS/#BXHORIZ
2025-04-04 07:14:30.211333 - Found #BXVERT.txt (text/plain) in CBT.V508.FILE282.PDS, moved to PDS/#BXVERT
2025-04-04 07:14:30.211456 - Found #CB.txt (text/plain) in CBT.V508.FILE282.PDS, moved to PDS/#CB
2025-04-04 07:14:30.211565 - Found #CC.txt (text/plain) in CBT.V508.FILE282.PDS, moved to PDS/#CC
2025-04-04 07:14:30.211676 - Found #CD.txt (text/plain) in CBT.V508.FILE282.PDS, moved to PDS/#CD
2025-04-04 07:14:30.211788 - Found #CE.txt (text/plain) in CBT.V508.FILE282.PDS, moved to PDS/#CE
2025-04-04 07:14:30.211897 - Found #CENTER.txt (text/plain) in CBT.V508.FILE282.PDS, moved to PDS/#CENTER
2025-04-04 07:14:30.212014 - Found #CL.txt (text/plain) in CBT.V508.FILE282.PDS, moved to PDS/#CL
2025-04-04 07:14:30.212129 - Found #CM.txt (text/plain) in CBT.V508.FILE282.PDS, moved to PDS/#CM
2025-04-04 07:14:30.212255 - Found #CO.txt (text/plain) in CBT.V508.FILE282.PDS, moved to PDS/#CO
2025-04-04 07:14:30.212376 - Found #COLBAL.txt (text/plain) in CBT.V508.FILE282.PDS, moved to PDS/#COLBAL
2025-04-04 07:14:30.212516 - Found #COLNEW.txt (text/plain) in CBT.V508.FILE282.PDS, moved to PDS/#COLNEW
2025-04-04 07:14:30.212663 - Found #COLPAGE.txt (text/plain) in CBT.V508.FILE282.PDS, moved to PDS/#COLPAGE
2025-04-04 07:14:30.212790 - Found #COLPRT.txt (text/plain) in CBT.V508.FILE282.PDS, moved to PDS/#COLPRT
2025-04-04 07:14:30.212923 - Found #COLSAVE.txt (text/plain) in CBT.V508.FILE282.PDS, moved to PDS/#COLSAVE
2025-04-04 07:14:30.213050 - Found #CP.txt (text/plain) in CBT.V508.FILE282.PDS, moved to PDS/#CP
2025-04-04 07:14:30.213164 - Found #CPFKNXT.txt (text/plain) in CBT.V508.FILE282.PDS, moved to PDS/#CPFKNXT
2025-04-04 07:14:30.213293 - Found #CPFKPRT.txt (text/plain) in CBT.V508.FILE282.PDS, moved to PDS/#CPFKPRT
2025-04-04 07:14:30.213405 - Found #CR.txt (text/plain) in CBT.V508.FILE282.PDS, moved to PDS/#CR
2025-04-04 07:14:30.213517 - Found #CS.txt (text/plain) in CBT.V508.FILE282.PDS, moved to PDS/#CS
2025-04-04 07:14:30.213642 - Found #CW.txt (text/plain) in CBT.V508.FILE282.PDS, moved to PDS/#CW
2025-04-04 07:14:30.213753 - Found #DA.txt (text/plain) in CBT.V508.FILE282.PDS, moved to PDS/#DA
2025-04-04 07:14:30.213863 - Found #DC.txt (text/plain) in CBT.V508.FILE282.PDS, moved to PDS/#DC
2025-04-04 07:14:30.213977 - Found #DCOMPOZ.txt (text/plain) in CBT.V508.FILE282.PDS, moved to PDS/#DCOMPOZ
2025-04-04 07:14:30.214089 - Found #DDBLOCK.txt (text/plain) in CBT.V508.FILE282.PDS, moved to PDS/#DDBLOCK
2025-04-04 07:14:30.214210 - Found #DEUDATA.txt (text/plain) in CBT.V508.FILE282.PDS, moved to PDS/#DEUDATA
2025-04-04 07:14:30.214333 - Found #DEUH01.txt (text/plain) in CBT.V508.FILE282.PDS, moved to PDS/#DEUH01
2025-04-04 07:14:30.214448 - Found #DEUH02.txt (text/plain) in CBT.V508.FILE282.PDS, moved to PDS/#DEUH02
2025-04-04 07:14:30.214589 - Found #DEUH03.txt (text/plain) in CBT.V508.FILE282.PDS, moved to PDS/#DEUH03
2025-04-04 07:14:30.214706 - Found #DEUH04.txt (text/plain) in CBT.V508.FILE282.PDS, moved to PDS/#DEUH04
2025-04-04 07:14:30.214818 - Found #DEUH05.txt (text/plain) in CBT.V508.FILE282.PDS, moved to PDS/#DEUH05
2025-04-04 07:14:30.214933 - Found #DEUH06.txt (text/plain) in CBT.V508.FILE282.PDS, moved to PDS/#DEUH06
2025-04-04 07:14:30.215041 - Found #DEUH07.txt (text/plain) in CBT.V508.FILE282.PDS, moved to PDS/#DEUH07
2025-04-04 07:14:30.215148 - Found #DEUH08.txt (text/plain) in CBT.V508.FILE282.PDS, moved to PDS/#DEUH08
2025-04-04 07:14:30.215266 - Found #DEUH09.txt (text/plain) in CBT.V508.FILE282.PDS, moved to PDS/#DEUH09
2025-04-04 07:14:30.215383 - Found #DEUH10.txt (text/plain) in CBT.V508.FILE282.PDS, moved to PDS/#DEUH10
2025-04-04 07:14:30.215492 - Found #DEUH11.txt (text/plain) in CBT.V508.FILE282.PDS, moved to PDS/#DEUH11
2025-04-04 07:14:30.215601 - Found #DEUH12.txt (text/plain) in CBT.V508.FILE282.PDS, moved to PDS/#DEUH12
2025-04-04 07:14:30.215725 - Found #DEUH13.txt (text/plain) in CBT.V508.FILE282.PDS, moved to PDS/#DEUH13
2025-04-04 07:14:30.215841 - Found #DEUH14.txt (text/plain) in CBT.V508.FILE282.PDS, moved to PDS/#DEUH14
2025-04-04 07:14:30.215950 - Found #DEUH15.txt (text/plain) in CBT.V508.FILE282.PDS, moved to PDS/#DEUH15
2025-04-04 07:14:30.216060 - Found #DEUH16.txt (text/plain) in CBT.V508.FILE282.PDS, moved to PDS/#DEUH16
2025-04-04 07:14:30.216177 - Found #DEUH17.txt (text/plain) in CBT.V508.FILE282.PDS, moved to PDS/#DEUH17
2025-04-04 07:14:30.216285 - Found #DEUH18.txt (text/plain) in CBT.V508.FILE282.PDS, moved to PDS/#DEUH18
2025-04-04 07:14:30.216395 - Found #DEUH24.txt (text/plain) in CBT.V508.FILE282.PDS, moved to PDS/#DEUH24
2025-04-04 07:14:30.216521 - Found #DEUH25.txt (text/plain) in CBT.V508.FILE282.PDS, moved to PDS/#DEUH25
2025-04-04 07:14:30.216636 - Found #DH.txt (text/plain) in CBT.V508.FILE282.PDS, moved to PDS/#DH
2025-04-04 07:14:30.216757 - Found #DHCLR.txt (text/plain) in CBT.V508.FILE282.PDS, moved to PDS/#DHCLR
2025-04-04 07:14:30.216879 - Found #DM.txt (text/plain) in CBT.V508.FILE282.PDS, moved to PDS/#DM
2025-04-04 07:14:30.217005 - Found #DO.txt (text/plain) in CBT.V508.FILE282.PDS, moved to PDS/#DO
2025-04-04 07:14:30.217115 - Found #DS.txt (text/plain) in CBT.V508.FILE282.PDS, moved to PDS/#DS
2025-04-04 07:14:30.217232 - Found #DSECTS.txt (text/plain) in CBT.V508.FILE282.PDS, moved to PDS/#DSECTS
2025-04-04 07:14:30.217342 - Found #DUMPIT.txt (text/plain) in CBT.V508.FILE282.PDS, moved to PDS/#DUMPIT
2025-04-04 07:14:30.217454 - Found #EF.txt (text/plain) in CBT.V508.FILE282.PDS, moved to PDS/#EF
2025-04-04 07:14:30.217576 - Found #EL.txt (text/plain) in CBT.V508.FILE282.PDS, moved to PDS/#EL
2025-04-04 07:14:30.217688 - Found #EM.txt (text/plain) in CBT.V508.FILE282.PDS, moved to PDS/#EM
2025-04-04 07:14:30.217810 - Found #EN.txt (text/plain) in CBT.V508.FILE282.PDS, moved to PDS/#EN
2025-04-04 07:14:30.217919 - Found #ER.txt (text/plain) in CBT.V508.FILE282.PDS, moved to PDS/#ER
2025-04-04 07:14:30.218036 - Found #ERROUT.txt (text/plain) in CBT.V508.FILE282.PDS, moved to PDS/#ERROUT
2025-04-04 07:14:30.218147 - Found #EZ.txt (text/plain) in CBT.V508.FILE282.PDS, moved to PDS/#EZ
2025-04-04 07:14:30.218254 - Found #FB.txt (text/plain) in CBT.V508.FILE282.PDS, moved to PDS/#FB
2025-04-04 07:14:30.218364 - Found #FD.txt (text/plain) in CBT.V508.FILE282.PDS, moved to PDS/#FD
2025-04-04 07:14:30.218471 - Found #FE.txt (text/plain) in CBT.V508.FILE282.PDS, moved to PDS/#FE
2025-04-04 07:14:30.218590 - Found #FK.txt (text/plain) in CBT.V508.FILE282.PDS, moved to PDS/#FK
2025-04-04 07:14:30.218717 - Found #FLUSHSP.txt (text/plain) in CBT.V508.FILE282.PDS, moved to PDS/#FLUSHSP
2025-04-04 07:14:30.218836 - Found #FM.txt (text/plain) in CBT.V508.FILE282.PDS, moved to PDS/#FM
2025-04-04 07:14:30.218946 - Found #FN.txt (text/plain) in CBT.V508.FILE282.PDS, moved to PDS/#FN
2025-04-04 07:14:30.219066 - Found #FNPRT.txt (text/plain) in CBT.V508.FILE282.PDS, moved to PDS/#FNPRT
2025-04-04 07:14:30.219175 - Found #FNSAVE.txt (text/plain) in CBT.V508.FILE282.PDS, moved to PDS/#FNSAVE
2025-04-04 07:14:30.219287 - Found #FO.txt (text/plain) in CBT.V508.FILE282.PDS, moved to PDS/#FO
2025-04-04 07:14:30.219396 - Found #FOADD.txt (text/plain) in CBT.V508.FILE282.PDS, moved to PDS/#FOADD
2025-04-04 07:14:30.219503 - Found #FOASM3.txt (text/plain) in CBT.V508.FILE282.PDS, moved to PDS/#FOASM3
2025-04-04 07:14:30.219620 - Found #FOHYPH.txt (text/plain) in CBT.V508.FILE282.PDS, moved to PDS/#FOHYPH
2025-04-04 07:14:30.219744 - Found #FOMYTE.txt (text/plain) in CBT.V508.FILE282.PDS, moved to PDS/#FOMYTE
2025-04-04 07:14:30.219855 - Found #FOQUME.txt (text/plain) in CBT.V508.FILE282.PDS, moved to PDS/#FOQUME
2025-04-04 07:14:30.219978 - Found #FO1620.txt (text/plain) in CBT.V508.FILE282.PDS, moved to PDS/#FO1620
2025-04-04 07:14:30.220086 - Found #FO2741.txt (text/plain) in CBT.V508.FILE282.PDS, moved to PDS/#FO2741
2025-04-04 07:14:30.220195 - Found #FREECEL.txt (text/plain) in CBT.V508.FILE282.PDS, moved to PDS/#FREECEL
2025-04-04 07:14:30.220306 - Found #FS.txt (text/plain) in CBT.V508.FILE282.PDS, moved to PDS/#FS
2025-04-04 07:14:30.220415 - Found #FV.txt (text/plain) in CBT.V508.FILE282.PDS, moved to PDS/#FV
2025-04-04 07:14:30.220530 - Found #GETARG.txt (text/plain) in CBT.V508.FILE282.PDS, moved to PDS/#GETARG
2025-04-04 07:14:30.220651 - Found #GETCELL.txt (text/plain) in CBT.V508.FILE282.PDS, moved to PDS/#GETCELL
2025-04-04 07:14:30.220763 - Found #GETNUM.txt (text/plain) in CBT.V508.FILE282.PDS, moved to PDS/#GETNUM
2025-04-04 07:14:30.220882 - Found #GETQST.txt (text/plain) in CBT.V508.FILE282.PDS, moved to PDS/#GETQST
2025-04-04 07:14:30.221034 - Found #GETSYM.txt (text/plain) in CBT.V508.FILE282.PDS, moved to PDS/#GETSYM
2025-04-04 07:14:30.221148 - Found #GETYESN.txt (text/plain) in CBT.V508.FILE282.PDS, moved to PDS/#GETYESN
2025-04-04 07:14:30.221255 - Found #GO.txt (text/plain) in CBT.V508.FILE282.PDS, moved to PDS/#GO
2025-04-04 07:14:30.221377 - Found #HD.txt (text/plain) in CBT.V508.FILE282.PDS, moved to PDS/#HD
2025-04-04 07:14:30.221487 - Found #HE.txt (text/plain) in CBT.V508.FILE282.PDS, moved to PDS/#HE
2025-04-04 07:14:30.221598 - Found #HEADCLR.txt (text/plain) in CBT.V508.FILE282.PDS, moved to PDS/#HEADCLR
2025-04-04 07:14:30.221710 - Found #HEADPRT.txt (text/plain) in CBT.V508.FILE282.PDS, moved to PDS/#HEADPRT
2025-04-04 07:14:30.221820 - Found #HEADSAV.txt (text/plain) in CBT.V508.FILE282.PDS, moved to PDS/#HEADSAV
2025-04-04 07:14:30.221950 - Found #HI.txt (text/plain) in CBT.V508.FILE282.PDS, moved to PDS/#HI
2025-04-04 07:14:30.222062 - Found #HIDB.txt (text/plain) in CBT.V508.FILE282.PDS, moved to PDS/#HIDB
2025-04-04 07:14:30.222183 - Found #HIDTC.txt (text/plain) in CBT.V508.FILE282.PDS, moved to PDS/#HIDTC
2025-04-04 07:14:30.222297 - Found #HL.txt (text/plain) in CBT.V508.FILE282.PDS, moved to PDS/#HL
2025-04-04 07:14:30.222410 - Found #HM.txt (text/plain) in CBT.V508.FILE282.PDS, moved to PDS/#HM
2025-04-04 07:14:30.222525 - Found #HN.txt (text/plain) in CBT.V508.FILE282.PDS, moved to PDS/#HN
2025-04-04 07:14:30.222640 - Found #HS.txt (text/plain) in CBT.V508.FILE282.PDS, moved to PDS/#HS
2025-04-04 07:14:30.222745 - Found #HV.txt (text/plain) in CBT.V508.FILE282.PDS, moved to PDS/#HV
2025-04-04 07:14:30.222853 - Found #HW.txt (text/plain) in CBT.V508.FILE282.PDS, moved to PDS/#HW
2025-04-04 07:14:30.222966 - Found #HY.txt (text/plain) in CBT.V508.FILE282.PDS, moved to PDS/#HY
2025-04-04 07:14:30.223090 - Found #HYSCN.txt (text/plain) in CBT.V508.FILE282.PDS, moved to PDS/#HYSCN
2025-04-04 07:14:30.223202 - Found #IF.txt (text/plain) in CBT.V508.FILE282.PDS, moved to PDS/#IF
2025-04-04 07:14:30.223325 - Found #IL.txt (text/plain) in CBT.V508.FILE282.PDS, moved to PDS/#IL
2025-04-04 07:14:30.223435 - Found #IM.txt (text/plain) in CBT.V508.FILE282.PDS, moved to PDS/#IM
2025-04-04 07:14:30.223544 - Found #IN.txt (text/plain) in CBT.V508.FILE282.PDS, moved to PDS/#IN
2025-04-04 07:14:30.223653 - Found #IOADJ.txt (text/plain) in CBT.V508.FILE282.PDS, moved to PDS/#IOADJ
2025-04-04 07:14:30.223770 - Found #IOPRINT.txt (text/plain) in CBT.V508.FILE282.PDS, moved to PDS/#IOPRINT
2025-04-04 07:14:30.223879 - Found #IX.txt (text/plain) in CBT.V508.FILE282.PDS, moved to PDS/#IX
2025-04-04 07:14:30.223989 - Found #IXCLR.txt (text/plain) in CBT.V508.FILE282.PDS, moved to PDS/#IXCLR
2025-04-04 07:14:30.224114 - Found #IXDUMP.txt (text/plain) in CBT.V508.FILE282.PDS, moved to PDS/#IXDUMP
2025-04-04 07:14:30.224241 - Found #IXPROC.txt (text/plain) in CBT.V508.FILE282.PDS, moved to PDS/#IXPROC
2025-04-04 07:14:30.224354 - Found #JU.txt (text/plain) in CBT.V508.FILE282.PDS, moved to PDS/#JU
2025-04-04 07:14:30.224469 - Found #LA.txt (text/plain) in CBT.V508.FILE282.PDS, moved to PDS/#LA
2025-04-04 07:14:30.224576 - Found #LB.txt (text/plain) in CBT.V508.FILE282.PDS, moved to PDS/#LB
2025-04-04 07:14:30.224684 - Found #LE.txt (text/plain) in CBT.V508.FILE282.PDS, moved to PDS/#LE
2025-04-04 07:14:30.224797 - Found #LI.txt (text/plain) in CBT.V508.FILE282.PDS, moved to PDS/#LI
2025-04-04 07:14:30.224910 - Found #LKADD.txt (text/plain) in CBT.V508.FILE282.PDS, moved to PDS/#LKADD
2025-04-04 07:14:30.225027 - Found #LKCHAIN.txt (text/plain) in CBT.V508.FILE282.PDS, moved to PDS/#LKCHAIN
2025-04-04 07:14:30.225142 - Found #LKGESC.txt (text/plain) in CBT.V508.FILE282.PDS, moved to PDS/#LKGESC
2025-04-04 07:14:30.225265 - Found #LKGETP.txt (text/plain) in CBT.V508.FILE282.PDS, moved to PDS/#LKGETP
2025-04-04 07:14:30.225375 - Found #LKGETT.txt (text/plain) in CBT.V508.FILE282.PDS, moved to PDS/#LKGETT
2025-04-04 07:14:30.225505 - Found #LKINIT.txt (text/plain) in CBT.V508.FILE282.PDS, moved to PDS/#LKINIT
2025-04-04 07:14:30.225636 - Found #LKPUT.txt (text/plain) in CBT.V508.FILE282.PDS, moved to PDS/#LKPUT
2025-04-04 07:14:30.225747 - Found #LL.txt (text/plain) in CBT.V508.FILE282.PDS, moved to PDS/#LL
2025-04-04 07:14:30.225859 - Found #LN.txt (text/plain) in CBT.V508.FILE282.PDS, moved to PDS/#LN
2025-04-04 07:14:30.225967 - Found #LS.txt (text/plain) in CBT.V508.FILE282.PDS, moved to PDS/#LS
2025-04-04 07:14:30.226074 - Found #MAINOC.txt (text/plain) in CBT.V508.FILE282.PDS, moved to PDS/#MAINOC
2025-04-04 07:14:30.226186 - Found #MC.txt (text/plain) in CBT.V508.FILE282.PDS, moved to PDS/#MC
2025-04-04 07:14:30.226310 - Found #MERGE.txt (text/plain) in CBT.V508.FILE282.PDS, moved to PDS/#MERGE
2025-04-04 07:14:30.226438 - Found #MS.txt (text/plain) in CBT.V508.FILE282.PDS, moved to PDS/#MS
2025-04-04 07:14:30.226547 - Found #NC.txt (text/plain) in CBT.V508.FILE282.PDS, moved to PDS/#NC
2025-04-04 07:14:30.226656 - Found #NF.txt (text/plain) in CBT.V508.FILE282.PDS, moved to PDS/#NF
2025-04-04 07:14:30.226762 - Found #NJ.txt (text/plain) in CBT.V508.FILE282.PDS, moved to PDS/#NJ
2025-04-04 07:14:30.226873 - Found #NL.txt (text/plain) in CBT.V508.FILE282.PDS, moved to PDS/#NL
2025-04-04 07:14:30.226978 - Found #OC.txt (text/plain) in CBT.V508.FILE282.PDS, moved to PDS/#OC
2025-04-04 07:14:30.227088 - Found #ODDEVN.txt (text/plain) in CBT.V508.FILE282.PDS, moved to PDS/#ODDEVN
2025-04-04 07:14:30.227193 - Found #OF.txt (text/plain) in CBT.V508.FILE282.PDS, moved to PDS/#OF
2025-04-04 07:14:30.227312 - Found #OJ.txt (text/plain) in CBT.V508.FILE282.PDS, moved to PDS/#OJ
2025-04-04 07:14:30.227422 - Found #OO.txt (text/plain) in CBT.V508.FILE282.PDS, moved to PDS/#OO
2025-04-04 07:14:30.227547 - Found #OOPRT.txt (text/plain) in CBT.V508.FILE282.PDS, moved to PDS/#OOPRT
2025-04-04 07:14:30.227660 - Found #OPTEST.txt (text/plain) in CBT.V508.FILE282.PDS, moved to PDS/#OPTEST
2025-04-04 07:14:30.227775 - Found #OUSTAT.txt (text/plain) in CBT.V508.FILE282.PDS, moved to PDS/#OUSTAT
2025-04-04 07:14:30.227883 - Found #OV.txt (text/plain) in CBT.V508.FILE282.PDS, moved to PDS/#OV
2025-04-04 07:14:30.227997 - Found #OVREMOV.txt (text/plain) in CBT.V508.FILE282.PDS, moved to PDS/#OVREMOV
2025-04-04 07:14:30.228112 - Found #PA.txt (text/plain) in CBT.V508.FILE282.PDS, moved to PDS/#PA
2025-04-04 07:14:30.228229 - Found #PAGE.txt (text/plain) in CBT.V508.FILE282.PDS, moved to PDS/#PAGE
2025-04-04 07:14:30.228336 - Found #PAGEREA.txt (text/plain) in CBT.V508.FILE282.PDS, moved to PDS/#PAGEREA
2025-04-04 07:14:30.228479 - Found #PAGETOP.txt (text/plain) in CBT.V508.FILE282.PDS, moved to PDS/#PAGETOP
2025-04-04 07:14:30.228588 - Found #PD.txt (text/plain) in CBT.V508.FILE282.PDS, moved to PDS/#PD
2025-04-04 07:14:30.228704 - Found #PE.txt (text/plain) in CBT.V508.FILE282.PDS, moved to PDS/#PE
2025-04-04 07:14:30.228811 - Found #PI.txt (text/plain) in CBT.V508.FILE282.PDS, moved to PDS/#PI
2025-04-04 07:14:30.228916 - Found #PL.txt (text/plain) in CBT.V508.FILE282.PDS, moved to PDS/#PL
2025-04-04 07:14:30.229027 - Found #PN.txt (text/plain) in CBT.V508.FILE282.PDS, moved to PDS/#PN
2025-04-04 07:14:30.229148 - Found #PNUMFMT.txt (text/plain) in CBT.V508.FILE282.PDS, moved to PDS/#PNUMFMT
2025-04-04 07:14:30.229253 - Found #PP.txt (text/plain) in CBT.V508.FILE282.PDS, moved to PDS/#PP
2025-04-04 07:14:30.229358 - Found #PR.txt (text/plain) in CBT.V508.FILE282.PDS, moved to PDS/#PR
2025-04-04 07:14:30.229496 - Found #PRINT.txt (text/plain) in CBT.V508.FILE282.PDS, moved to PDS/#PRINT
2025-04-04 07:14:30.229613 - Found #PRINTNB.txt (text/plain) in CBT.V508.FILE282.PDS, moved to PDS/#PRINTNB
2025-04-04 07:14:30.229723 - Found #PRLIN.txt (text/plain) in CBT.V508.FILE282.PDS, moved to PDS/#PRLIN
2025-04-04 07:14:30.229977 - Found #PRNUM.txt (text/plain) in CBT.V508.FILE282.PDS, moved to PDS/#PRNUM
2025-04-04 07:14:30.230107 - Found #PRRCADD.txt (text/plain) in CBT.V508.FILE282.PDS, moved to PDS/#PRRCADD
2025-04-04 07:14:30.230234 - Found #PRSKSPC.txt (text/plain) in CBT.V508.FILE282.PDS, moved to PDS/#PRSKSPC
2025-04-04 07:14:30.230349 - Found #PRTARG.txt (text/plain) in CBT.V508.FILE282.PDS, moved to PDS/#PRTARG
2025-04-04 07:14:30.230467 - Found #PRTERM.txt (text/plain) in CBT.V508.FILE282.PDS, moved to PDS/#PRTERM
2025-04-04 07:14:30.230590 - Found #PS.txt (text/plain) in CBT.V508.FILE282.PDS, moved to PDS/#PS
2025-04-04 07:14:30.230704 - Found #PT.txt (text/plain) in CBT.V508.FILE282.PDS, moved to PDS/#PT
2025-04-04 07:14:30.230832 - Found #PU.txt (text/plain) in CBT.V508.FILE282.PDS, moved to PDS/#PU
2025-04-04 07:14:30.230946 - Found #PUNCADJ.txt (text/plain) in CBT.V508.FILE282.PDS, moved to PDS/#PUNCADJ
2025-04-04 07:14:30.231061 - Found #PUTCONS.txt (text/plain) in CBT.V508.FILE282.PDS, moved to PDS/#PUTCONS
2025-04-04 07:14:30.231175 - Found #PUTPRT.txt (text/plain) in CBT.V508.FILE282.PDS, moved to PDS/#PUTPRT
2025-04-04 07:14:30.231285 - Found #PUTTERM.txt (text/plain) in CBT.V508.FILE282.PDS, moved to PDS/#PUTTERM
2025-04-04 07:14:30.231399 - Found #PUWORK.txt (text/plain) in CBT.V508.FILE282.PDS, moved to PDS/#PUWORK
2025-04-04 07:14:30.231513 - Found #PV.txt (text/plain) in CBT.V508.FILE282.PDS, moved to PDS/#PV
2025-04-04 07:14:30.231641 - Found #QQ.txt (text/plain) in CBT.V508.FILE282.PDS, moved to PDS/#QQ
2025-04-04 07:14:30.231754 - Found #QT.txt (text/plain) in CBT.V508.FILE282.PDS, moved to PDS/#QT
2025-04-04 07:14:30.231869 - Found #QUITS.txt (text/plain) in CBT.V508.FILE282.PDS, moved to PDS/#QUITS
2025-04-04 07:14:30.231982 - Found #RA.txt (text/plain) in CBT.V508.FILE282.PDS, moved to PDS/#RA
2025-04-04 07:14:30.232131 - Found #RC.txt (text/plain) in CBT.V508.FILE282.PDS, moved to PDS/#RC
2025-04-04 07:14:30.232251 - Found #RD.txt (text/plain) in CBT.V508.FILE282.PDS, moved to PDS/#RD
2025-04-04 07:14:30.232359 - Found #RDCLOSE.txt (text/plain) in CBT.V508.FILE282.PDS, moved to PDS/#RDCLOSE
2025-04-04 07:14:30.232473 - Found #RDDDREP.txt (text/plain) in CBT.V508.FILE282.PDS, moved to PDS/#RDDDREP
2025-04-04 07:14:30.232594 - Found #RDEJCT.txt (text/plain) in CBT.V508.FILE282.PDS, moved to PDS/#RDEJCT
2025-04-04 07:14:30.232712 - Found #RDERROR.txt (text/plain) in CBT.V508.FILE282.PDS, moved to PDS/#RDERROR
2025-04-04 07:14:30.232826 - Found #RDEXIT.txt (text/plain) in CBT.V508.FILE282.PDS, moved to PDS/#RDEXIT
2025-04-04 07:14:30.232940 - Found #RDFBUFF.txt (text/plain) in CBT.V508.FILE282.PDS, moved to PDS/#RDFBUFF
2025-04-04 07:14:30.233058 - Found #RDFILE.txt (text/plain) in CBT.V508.FILE282.PDS, moved to PDS/#RDFILE
2025-04-04 07:14:30.233167 - Found #RDFINDF.txt (text/plain) in CBT.V508.FILE282.PDS, moved to PDS/#RDFINDF
2025-04-04 07:14:30.233277 - Found #RDGBUFF.txt (text/plain) in CBT.V508.FILE282.PDS, moved to PDS/#RDGBUFF
2025-04-04 07:14:30.233388 - Found #RDJIGG.txt (text/plain) in CBT.V508.FILE282.PDS, moved to PDS/#RDJIGG
2025-04-04 07:14:30.233502 - Found #RDLINE.txt (text/plain) in CBT.V508.FILE282.PDS, moved to PDS/#RDLINE
2025-04-04 07:14:30.233612 - Found #RDPOP.txt (text/plain) in CBT.V508.FILE282.PDS, moved to PDS/#RDPOP
2025-04-04 07:14:30.233745 - Found #RDPURGE.txt (text/plain) in CBT.V508.FILE282.PDS, moved to PDS/#RDPURGE
2025-04-04 07:14:30.233898 - Found #RDPURON.txt (text/plain) in CBT.V508.FILE282.PDS, moved to PDS/#RDPURON
2025-04-04 07:14:30.234039 - Found #RDPUSH.txt (text/plain) in CBT.V508.FILE282.PDS, moved to PDS/#RDPUSH
2025-04-04 07:14:30.234193 - Found #RDRECD.txt (text/plain) in CBT.V508.FILE282.PDS, moved to PDS/#RDRECD
2025-04-04 07:14:30.234350 - Found #RDREWIN.txt (text/plain) in CBT.V508.FILE282.PDS, moved to PDS/#RDREWIN
2025-04-04 07:14:30.234518 - Found #RDSCANF.txt (text/plain) in CBT.V508.FILE282.PDS, moved to PDS/#RDSCANF
2025-04-04 07:14:30.234662 - Found #RE.txt (text/plain) in CBT.V508.FILE282.PDS, moved to PDS/#RE
2025-04-04 07:14:30.234815 - Found #READ.txt (text/plain) in CBT.V508.FILE282.PDS, moved to PDS/#READ
2025-04-04 07:14:30.234964 - Found #REGS.txt (text/plain) in CBT.V508.FILE282.PDS, moved to PDS/#REGS
2025-04-04 07:14:30.235109 - Found #RGNMGR.txt (text/plain) in CBT.V508.FILE282.PDS, moved to PDS/#RGNMGR
2025-04-04 07:14:30.235255 - Found #RIGHTAD.txt (text/plain) in CBT.V508.FILE282.PDS, moved to PDS/#RIGHTAD
2025-04-04 07:14:30.235412 - Found #RM.txt (text/plain) in CBT.V508.FILE282.PDS, moved to PDS/#RM
2025-04-04 07:14:30.235552 - Found #RMCOND.txt (text/plain) in CBT.V508.FILE282.PDS, moved to PDS/#RMCOND
2025-04-04 07:14:30.235696 - Found #RMIMBED.txt (text/plain) in CBT.V508.FILE282.PDS, moved to PDS/#RMIMBED
2025-04-04 07:14:30.235849 - Found #RMNEXT.txt (text/plain) in CBT.V508.FILE282.PDS, moved to PDS/#RMNEXT
2025-04-04 07:14:30.236019 - Found #RO.txt (text/plain) in CBT.V508.FILE282.PDS, moved to PDS/#RO
2025-04-04 07:14:30.236166 - Found #RV.txt (text/plain) in CBT.V508.FILE282.PDS, moved to PDS/#RV
2025-04-04 07:14:30.236307 - Found #SA.txt (text/plain) in CBT.V508.FILE282.PDS, moved to PDS/#SA
2025-04-04 07:14:30.236456 - Found #SC.txt (text/plain) in CBT.V508.FILE282.PDS, moved to PDS/#SC
2025-04-04 07:14:30.236601 - Found #SCRIPUT.txt (text/plain) in CBT.V508.FILE282.PDS, moved to PDS/#SCRIPUT
2025-04-04 07:14:30.236762 - Found #SE.txt (text/plain) in CBT.V508.FILE282.PDS, moved to PDS/#SE
2025-04-04 07:14:30.236904 - Found #SI.txt (text/plain) in CBT.V508.FILE282.PDS, moved to PDS/#SI
2025-04-04 07:14:30.237055 - Found #SK.txt (text/plain) in CBT.V508.FILE282.PDS, moved to PDS/#SK
2025-04-04 07:14:30.237192 - Found #SP.txt (text/plain) in CBT.V508.FILE282.PDS, moved to PDS/#SP
2025-04-04 07:14:30.237322 - Found #SPACEIM.txt (text/plain) in CBT.V508.FILE282.PDS, moved to PDS/#SPACEIM
2025-04-04 07:14:30.237461 - Found #SPACER.txt (text/plain) in CBT.V508.FILE282.PDS, moved to PDS/#SPACER
2025-04-04 07:14:30.237601 - Found #SR.txt (text/plain) in CBT.V508.FILE282.PDS, moved to PDS/#SR
2025-04-04 07:14:30.237739 - Found #SRCHRN.txt (text/plain) in CBT.V508.FILE282.PDS, moved to PDS/#SRCHRN
2025-04-04 07:14:30.237875 - Found #SS.txt (text/plain) in CBT.V508.FILE282.PDS, moved to PDS/#SS
2025-04-04 07:14:30.238008 - Found #SU.txt (text/plain) in CBT.V508.FILE282.PDS, moved to PDS/#SU
2025-04-04 07:14:30.238140 - Found #SY.txt (text/plain) in CBT.V508.FILE282.PDS, moved to PDS/#SY
2025-04-04 07:14:30.238270 - Found #SYABEND.txt (text/plain) in CBT.V508.FILE282.PDS, moved to PDS/#SYABEND
2025-04-04 07:14:30.238385 - Found #SYCONSW.txt (text/plain) in CBT.V508.FILE282.PDS, moved to PDS/#SYCONSW
2025-04-04 07:14:30.238491 - Found #SYFMAIN.txt (text/plain) in CBT.V508.FILE282.PDS, moved to PDS/#SYFMAIN
2025-04-04 07:14:30.238614 - Found #SYGMAIN.txt (text/plain) in CBT.V508.FILE282.PDS, moved to PDS/#SYGMAIN
2025-04-04 07:14:30.238751 - Found #SYMCLR.txt (text/plain) in CBT.V508.FILE282.PDS, moved to PDS/#SYMCLR
2025-04-04 07:14:30.238871 - Found #SYMSR.txt (text/plain) in CBT.V508.FILE282.PDS, moved to PDS/#SYMSR
2025-04-04 07:14:30.238994 - Found #SYMUR.txt (text/plain) in CBT.V508.FILE282.PDS, moved to PDS/#SYMUR
2025-04-04 07:14:30.239110 - Found #SYMUSL.txt (text/plain) in CBT.V508.FILE282.PDS, moved to PDS/#SYMUSL
2025-04-04 07:14:30.239222 - Found #SYPUT.txt (text/plain) in CBT.V508.FILE282.PDS, moved to PDS/#SYPUT
2025-04-04 07:14:30.239352 - Found #SYPUTCL.txt (text/plain) in CBT.V508.FILE282.PDS, moved to PDS/#SYPUTCL
2025-04-04 07:14:30.239471 - Found #SYPUTOP.txt (text/plain) in CBT.V508.FILE282.PDS, moved to PDS/#SYPUTOP
2025-04-04 07:14:30.239586 - Found #SYSPIE.txt (text/plain) in CBT.V508.FILE282.PDS, moved to PDS/#SYSPIE
2025-04-04 07:14:30.239698 - Found #SYSREFS.txt (text/plain) in CBT.V508.FILE282.PDS, moved to PDS/#SYSREFS
2025-04-04 07:14:30.239804 - Found #SYTEST.txt (text/plain) in CBT.V508.FILE282.PDS, moved to PDS/#SYTEST
2025-04-04 07:14:30.239912 - Found #SYTIME.txt (text/plain) in CBT.V508.FILE282.PDS, moved to PDS/#SYTIME
2025-04-04 07:14:30.240026 - Found #SYWTO.txt (text/plain) in CBT.V508.FILE282.PDS, moved to PDS/#SYWTO
2025-04-04 07:14:30.240133 - Found #TABCHK.txt (text/plain) in CBT.V508.FILE282.PDS, moved to PDS/#TABCHK
2025-04-04 07:14:30.240244 - Found #TABFILL.txt (text/plain) in CBT.V508.FILE282.PDS, moved to PDS/#TABFILL
2025-04-04 07:14:30.240367 - Found #TABIT.txt (text/plain) in CBT.V508.FILE282.PDS, moved to PDS/#TABIT
2025-04-04 07:14:30.240498 - Found #TABITA.txt (text/plain) in CBT.V508.FILE282.PDS, moved to PDS/#TABITA
2025-04-04 07:14:30.240609 - Found #TABITC.txt (text/plain) in CBT.V508.FILE282.PDS, moved to PDS/#TABITC
2025-04-04 07:14:30.240732 - Found #TABITL.txt (text/plain) in CBT.V508.FILE282.PDS, moved to PDS/#TABITL
2025-04-04 07:14:30.240846 - Found #TABITR.txt (text/plain) in CBT.V508.FILE282.PDS, moved to PDS/#TABITR
2025-04-04 07:14:30.240959 - Found #TABPCC.txt (text/plain) in CBT.V508.FILE282.PDS, moved to PDS/#TABPCC
2025-04-04 07:14:30.241068 - Found #TB.txt (text/plain) in CBT.V508.FILE282.PDS, moved to PDS/#TB
2025-04-04 07:14:30.241177 - Found #TBCBLK.txt (text/plain) in CBT.V508.FILE282.PDS, moved to PDS/#TBCBLK
2025-04-04 07:14:30.241289 - Found #TBFBLK.txt (text/plain) in CBT.V508.FILE282.PDS, moved to PDS/#TBFBLK
2025-04-04 07:14:30.241404 - Found #TBGBLK.txt (text/plain) in CBT.V508.FILE282.PDS, moved to PDS/#TBGBLK
2025-04-04 07:14:30.241524 - Found #TBGMON.txt (text/plain) in CBT.V508.FILE282.PDS, moved to PDS/#TBGMON
2025-04-04 07:14:30.241646 - Found #TC.txt (text/plain) in CBT.V508.FILE282.PDS, moved to PDS/#TC
2025-04-04 07:14:30.241755 - Found #TE.txt (text/plain) in CBT.V508.FILE282.PDS, moved to PDS/#TE
2025-04-04 07:14:30.241866 - Found #TH.txt (text/plain) in CBT.V508.FILE282.PDS, moved to PDS/#TH
2025-04-04 07:14:30.241985 - Found #TI.txt (text/plain) in CBT.V508.FILE282.PDS, moved to PDS/#TI
2025-04-04 07:14:30.242112 - Found #TM.txt (text/plain) in CBT.V508.FILE282.PDS, moved to PDS/#TM
2025-04-04 07:14:30.242222 - Found #TR.txt (text/plain) in CBT.V508.FILE282.PDS, moved to PDS/#TR
2025-04-04 07:14:30.242357 - Found #UC.txt (text/plain) in CBT.V508.FILE282.PDS, moved to PDS/#UC
2025-04-04 07:14:30.242494 - Found #UD.txt (text/plain) in CBT.V508.FILE282.PDS, moved to PDS/#UD
2025-04-04 07:14:30.242656 - Found #UL.txt (text/plain) in CBT.V508.FILE282.PDS, moved to PDS/#UL
2025-04-04 07:14:30.242796 - Found #UN.txt (text/plain) in CBT.V508.FILE282.PDS, moved to PDS/#UN
2025-04-04 07:14:30.242935 - Found #UP.txt (text/plain) in CBT.V508.FILE282.PDS, moved to PDS/#UP
2025-04-04 07:14:30.243057 - Found #UR.txt (text/plain) in CBT.V508.FILE282.PDS, moved to PDS/#UR
2025-04-04 07:14:30.243198 - Found #US.txt (text/plain) in CBT.V508.FILE282.PDS, moved to PDS/#US
2025-04-04 07:14:30.243309 - Found #VTRAPS.txt (text/plain) in CBT.V508.FILE282.PDS, moved to PDS/#VTRAPS
2025-04-04 07:14:30.243448 - Found #WD.txt (text/plain) in CBT.V508.FILE282.PDS, moved to PDS/#WD
2025-04-04 07:14:30.243567 - Found @FILE282.txt (text/plain) in CBT.V508.FILE282.PDS, moved to PDS/@FILE282
2025-04-04 07:14:30.243726 - Found SYSDSECT.txt (text/plain) in CBT.V508.FILE282.PDS, moved to PDS/SYSDSECT
2025-04-04 07:14:30.243872 - Found SYSIODEF.txt (text/plain) in CBT.V508.FILE282.PDS, moved to PDS/SYSIODEF
2025-04-04 07:14:30.244007 - Found TPUT.txt (text/plain) in CBT.V508.FILE282.PDS, moved to PDS/TPUT
2025-04-04 07:14:30.244124 - Found WRTERM.txt (text/plain) in CBT.V508.FILE282.PDS, moved to PDS/WRTERM
